<?xml version="1.0" encoding="UTF-8"?>
<!-- Generated by org.testng.reporters.JUnitReportReporter -->
<testsuite hostname="DESKTOP-MPS3MDV" failures="1" tests="8" name="tests.a_sauceLabApk.PageAccessTests" time="127.993" errors="0" timestamp="2024-10-17T01:21:47 CEST" skipped="0">
  <testcase classname="tests.a_sauceLabApk.PageAccessTests" name="webviewPageAccessTest" time="15.578"/>
  <testcase classname="tests.a_sauceLabApk.PageAccessTests" name="qrCodeScannerPageAccessTest" time="15.091"/>
  <testcase classname="tests.a_sauceLabApk.PageAccessTests" name="geoLocationPageAccessTest" time="15.006"/>
  <testcase classname="tests.a_sauceLabApk.PageAccessTests" name="drawingPageAccessTest" time="13.733"/>
  <testcase classname="tests.a_sauceLabApk.PageAccessTests" name="aboutPageAccessTest" time="14.215"/>
  <testcase classname="tests.a_sauceLabApk.PageAccessTests" name="fingerPrintPageAccessTest" time="12.565">
    <failure message="expected [Finger Print] but found [FingerPrint]" type="java.lang.AssertionError">
      <![CDATA[java.lang.AssertionError: expected [Finger Print] but found [FingerPrint]
at org.testng.Assert.fail(Assert.java:111)
at org.testng.Assert.failNotEquals(Assert.java:1578)
at org.testng.Assert.assertEqualsImpl(Assert.java:150)
at org.testng.Assert.assertEquals(Assert.java:132)
at org.testng.Assert.assertEquals(Assert.java:656)
at org.testng.Assert.assertEquals(Assert.java:666)
at tests.a_sauceLabApk.PageAccessTests.fingerPrintPageAccessTest(PageAccessTests.java:122)
at java.base/jdk.internal.reflect.DirectMethodHandleAccessor.invoke(DirectMethodHandleAccessor.java:103)
at java.base/java.lang.reflect.Method.invoke(Method.java:580)
at org.testng.internal.invokers.MethodInvocationHelper.invokeMethod(MethodInvocationHelper.java:141)
at org.testng.internal.invokers.TestInvoker.invokeMethod(TestInvoker.java:686)
at org.testng.internal.invokers.TestInvoker.invokeTestMethod(TestInvoker.java:230)
at org.testng.internal.invokers.MethodRunner.runInSequence(MethodRunner.java:63)
at org.testng.internal.invokers.TestInvoker$MethodInvocationAgent.invoke(TestInvoker.java:992)
at org.testng.internal.invokers.TestInvoker.invokeTestMethods(TestInvoker.java:203)
at org.testng.internal.invokers.TestMethodWorker.invokeTestMethods(TestMethodWorker.java:154)
at org.testng.internal.invokers.TestMethodWorker.run(TestMethodWorker.java:134)
at java.base/java.util.ArrayList.forEach(ArrayList.java:1597)
at org.testng.TestRunner.privateRun(TestRunner.java:739)
at org.testng.TestRunner.run(TestRunner.java:614)
at org.testng.SuiteRunner.runTest(SuiteRunner.java:421)
at org.testng.SuiteRunner.runSequentially(SuiteRunner.java:413)
at org.testng.SuiteRunner.privateRun(SuiteRunner.java:373)
at org.testng.SuiteRunner.run(SuiteRunner.java:312)
at org.testng.SuiteRunnerWorker.runSuite(SuiteRunnerWorker.java:52)
at org.testng.SuiteRunnerWorker.run(SuiteRunnerWorker.java:95)
at org.testng.TestNG.runSuitesSequentially(TestNG.java:1274)
at org.testng.TestNG.runSuitesLocally(TestNG.java:1208)
at org.testng.TestNG.runSuites(TestNG.java:1112)
at org.testng.TestNG.run(TestNG.java:1079)
at tests.TestRunner.main(TestRunner.java:17)
]]>
    </failure>
  </testcase> <!-- fingerPrintPageAccessTest -->
  <testcase classname="tests.a_sauceLabApk.PageAccessTests" name="apiCallsPageAccessTest" time="14.082"/>
  <testcase classname="tests.a_sauceLabApk.PageAccessTests" name="sauceBotVideoPageAccessTest" time="27.723"/>
</testsuite> <!-- tests.a_sauceLabApk.PageAccessTests -->
